2025-02-28 18:16:50,358 - INFO - Using existing token: 09791da38e08e699080382823b119aed5c2bfbc476fc861838cc266b3e311029
2025-02-28 18:16:50,358 - INFO - 26000: Waiting for initial 5-minute period before generating signals.
2025-02-28 18:16:50,358 - INFO - 26009: Waiting for initial 5-minute period before generating signals.
2025-02-28 18:17:00,360 - INFO - 26000: Waiting for initial 5-minute period before generating signals.
2025-02-28 18:17:00,360 - INFO - 26009: Waiting for initial 5-minute period before generating signals.
2025-02-28 18:18:00,362 - INFO - 26000: Waiting for initial 5-minute period before generating signals.
2025-02-28 18:18:00,362 - INFO - 26009: Waiting for initial 5-minute period before generating signals.
2025-02-28 18:19:00,364 - INFO - 26000: Waiting for initial 5-minute period before generating signals.
2025-02-28 18:19:00,364 - INFO - 26009: Waiting for initial 5-minute period before generating signals.
2025-02-28 18:19:47,606 - INFO - Using existing token: 09791da38e08e699080382823b119aed5c2bfbc476fc861838cc266b3e311029
2025-02-28 18:19:47,606 - INFO - 26000: Waiting for initial 5-minute period before generating signals.
2025-02-28 18:19:47,607 - INFO - 26009: Waiting for initial 5-minute period before generating signals.
2025-02-28 18:20:00,607 - INFO - 26000: Waiting for initial 5-minute period before generating signals.
2025-02-28 18:20:00,608 - INFO - 26009: Waiting for initial 5-minute period before generating signals.
2025-02-28 18:20:29,167 - INFO - Using existing token: 09791da38e08e699080382823b119aed5c2bfbc476fc861838cc266b3e311029
2025-02-28 18:20:29,167 - INFO - 26000: Waiting for initial $2-minute period before generating signals.
2025-02-28 18:20:29,167 - INFO - 26009: Waiting for initial $2-minute period before generating signals.
2025-02-28 18:21:00,168 - INFO - 26000: Waiting for initial $2-minute period before generating signals.
2025-02-28 18:21:00,168 - INFO - 26009: Waiting for initial $2-minute period before generating signals.
2025-02-28 18:22:00,170 - INFO - 26000: Waiting for initial $2-minute period before generating signals.
2025-02-28 18:22:00,170 - INFO - 26009: Waiting for initial $2-minute period before generating signals.
2025-02-28 18:24:00,464 - INFO - 26000: Cooldown period active
2025-02-28 18:24:00,464 - INFO - 26009: Cooldown period active
2025-02-28 18:24:24,585 - INFO - Using existing token: 09791da38e08e699080382823b119aed5c2bfbc476fc861838cc266b3e311029
2025-02-28 18:25:30,279 - INFO - Using existing token: 09791da38e08e699080382823b119aed5c2bfbc476fc861838cc266b3e311029
2025-02-28 18:25:41,211 - INFO - Using existing token: 09791da38e08e699080382823b119aed5c2bfbc476fc861838cc266b3e311029
2025-02-28 18:25:58,603 - INFO - Using existing token: 09791da38e08e699080382823b119aed5c2bfbc476fc861838cc266b3e311029
2025-02-28 18:26:00,996 - INFO - 26000: Cooldown period active
2025-02-28 18:26:00,996 - INFO - 26009: Cooldown period active
2025-02-28 18:27:00,998 - INFO - 26000: Cooldown period active
2025-02-28 18:27:00,998 - INFO - 26009: Cooldown period active
2025-02-28 18:27:12,289 - INFO - Using existing token: 09791da38e08e699080382823b119aed5c2bfbc476fc861838cc266b3e311029
2025-02-28 18:32:20,367 - INFO - Using existing token: 09791da38e08e699080382823b119aed5c2bfbc476fc861838cc266b3e311029
2025-02-28 18:32:20,368 - INFO - Outside trading hours, sleeping for 5 minutes.
2025-02-28 18:32:35,553 - INFO - Using existing token: 09791da38e08e699080382823b119aed5c2bfbc476fc861838cc266b3e311029
2025-02-28 18:33:00,849 - INFO - 26000: Cooldown period active
2025-02-28 18:33:00,850 - INFO - 26009: Cooldown period active
2025-02-28 18:34:00,851 - INFO - 26000: Cooldown period active
2025-02-28 18:34:00,851 - INFO - 26009: Cooldown period active
2025-02-28 18:35:00,853 - INFO - 26000: Cooldown period active
2025-02-28 18:35:00,853 - INFO - 26009: Cooldown period active
2025-02-28 18:36:00,855 - INFO - 26000: Cooldown period active
2025-02-28 18:36:00,855 - INFO - 26009: Cooldown period active
2025-02-28 18:36:20,837 - INFO - Using existing token: 09791da38e08e699080382823b119aed5c2bfbc476fc861838cc266b3e311029
2025-02-28 18:36:21,061 - ERROR - CSV logging failed: 'str' object has no attribute 'strftime'
2025-02-28 18:36:21,123 - ERROR - CSV logging failed: 'str' object has no attribute 'strftime'
2025-02-28 18:37:00,125 - INFO - 26000: Cooldown period active
2025-02-28 18:37:00,125 - INFO - 26009: Cooldown period active
2025-02-28 18:38:00,126 - INFO - 26000: Cooldown period active
2025-02-28 18:38:00,127 - INFO - 26009: Cooldown period active
2025-02-28 18:39:00,128 - INFO - 26000: Cooldown period active
2025-02-28 18:39:00,128 - INFO - 26009: Cooldown period active
2025-02-28 18:40:00,130 - INFO - 26000: Cooldown period active
2025-02-28 18:40:00,131 - INFO - 26009: Cooldown period active
2025-02-28 18:41:00,133 - INFO - 26000: Cooldown period active
2025-02-28 18:41:00,133 - INFO - 26009: Cooldown period active
2025-02-28 18:53:19,317 - INFO - Using existing token: 09791da38e08e699080382823b119aed5c2bfbc476fc861838cc266b3e311029
2025-02-28 18:53:19,317 - INFO - 26000: Waiting for initial 5-minute period before generating signals.
2025-02-28 18:53:19,318 - INFO - 26009: Waiting for initial 5-minute period before generating signals.
2025-02-28 18:53:34,482 - INFO - Using existing token: 09791da38e08e699080382823b119aed5c2bfbc476fc861838cc266b3e311029
2025-02-28 18:53:34,482 - INFO - 26000: Waiting for initial 1-minute period before generating signals.
2025-02-28 18:53:34,482 - INFO - 26009: Waiting for initial 1-minute period before generating signals.
2025-02-28 18:54:00,484 - INFO - 26000: Waiting for initial 1-minute period before generating signals.
2025-02-28 18:54:00,484 - INFO - 26009: Waiting for initial 1-minute period before generating signals.
2025-02-28 18:56:20,020 - INFO - Using existing token: 09791da38e08e699080382823b119aed5c2bfbc476fc861838cc266b3e311029
2025-02-28 18:56:20,020 - INFO - Running in TEST MODE: calling API every second for a short duration.
2025-02-28 18:56:20,021 - INFO - 26000: Waiting for initial 1-minute period before generating signals.
2025-02-28 18:56:20,021 - INFO - 26009: Waiting for initial 1-minute period before generating signals.
2025-02-28 18:56:21,022 - INFO - 26000: Waiting for initial 1-minute period before generating signals.
2025-02-28 18:56:21,023 - INFO - 26009: Waiting for initial 1-minute period before generating signals.
2025-02-28 18:56:22,023 - INFO - 26000: Waiting for initial 1-minute period before generating signals.
2025-02-28 18:56:22,024 - INFO - 26009: Waiting for initial 1-minute period before generating signals.
2025-02-28 18:56:23,025 - INFO - 26000: Waiting for initial 1-minute period before generating signals.
2025-02-28 18:56:23,025 - INFO - 26009: Waiting for initial 1-minute period before generating signals.
2025-02-28 18:56:24,027 - INFO - 26000: Waiting for initial 1-minute period before generating signals.
2025-02-28 18:56:24,027 - INFO - 26009: Waiting for initial 1-minute period before generating signals.
2025-02-28 18:56:25,029 - INFO - 26000: Waiting for initial 1-minute period before generating signals.
2025-02-28 18:56:25,029 - INFO - 26009: Waiting for initial 1-minute period before generating signals.
2025-02-28 18:56:26,030 - INFO - 26000: Waiting for initial 1-minute period before generating signals.
2025-02-28 18:56:26,030 - INFO - 26009: Waiting for initial 1-minute period before generating signals.
2025-02-28 18:56:27,032 - INFO - 26000: Waiting for initial 1-minute period before generating signals.
2025-02-28 18:56:27,032 - INFO - 26009: Waiting for initial 1-minute period before generating signals.
2025-02-28 18:56:28,034 - INFO - 26000: Waiting for initial 1-minute period before generating signals.
2025-02-28 18:56:28,034 - INFO - 26009: Waiting for initial 1-minute period before generating signals.
2025-02-28 18:56:29,036 - INFO - 26000: Waiting for initial 1-minute period before generating signals.
2025-02-28 18:56:29,036 - INFO - 26009: Waiting for initial 1-minute period before generating signals.
2025-02-28 18:56:30,038 - INFO - 26000: Waiting for initial 1-minute period before generating signals.
2025-02-28 18:56:30,038 - INFO - 26009: Waiting for initial 1-minute period before generating signals.
2025-02-28 18:56:31,040 - INFO - 26000: Waiting for initial 1-minute period before generating signals.
2025-02-28 18:56:31,040 - INFO - 26009: Waiting for initial 1-minute period before generating signals.
2025-02-28 18:56:32,041 - INFO - 26000: Waiting for initial 1-minute period before generating signals.
2025-02-28 18:56:32,042 - INFO - 26009: Waiting for initial 1-minute period before generating signals.
2025-02-28 18:56:33,042 - INFO - 26000: Waiting for initial 1-minute period before generating signals.
2025-02-28 18:56:33,043 - INFO - 26009: Waiting for initial 1-minute period before generating signals.
2025-02-28 18:56:34,044 - INFO - 26000: Waiting for initial 1-minute period before generating signals.
2025-02-28 18:56:34,044 - INFO - 26009: Waiting for initial 1-minute period before generating signals.
2025-02-28 18:56:35,045 - INFO - 26000: Waiting for initial 1-minute period before generating signals.
2025-02-28 18:56:35,046 - INFO - 26009: Waiting for initial 1-minute period before generating signals.
2025-02-28 18:56:36,046 - INFO - 26000: Waiting for initial 1-minute period before generating signals.
2025-02-28 18:56:36,047 - INFO - 26009: Waiting for initial 1-minute period before generating signals.
2025-02-28 18:56:48,210 - INFO - Using existing token: 09791da38e08e699080382823b119aed5c2bfbc476fc861838cc266b3e311029
2025-02-28 18:56:48,210 - INFO - Running in TEST MODE: calling API every second for a short duration.
2025-02-28 19:02:49,589 - INFO - Using existing token: 09791da38e08e699080382823b119aed5c2bfbc476fc861838cc266b3e311029
2025-02-28 19:02:49,590 - INFO - Outside trading hours, sleeping for 5 minutes.
2025-02-28 19:04:07,828 - INFO - Using existing token: 09791da38e08e699080382823b119aed5c2bfbc476fc861838cc266b3e311029
2025-02-28 19:04:07,828 - INFO - Outside trading hours, sleeping for {STARTING_WARMUP_PERIOD} minutes.
2025-02-28 19:04:10,829 - INFO - Outside trading hours, sleeping for {STARTING_WARMUP_PERIOD} minutes.
2025-02-28 19:04:13,830 - INFO - Outside trading hours, sleeping for {STARTING_WARMUP_PERIOD} minutes.
2025-02-28 19:04:16,830 - INFO - Outside trading hours, sleeping for {STARTING_WARMUP_PERIOD} minutes.
2025-02-28 19:04:19,831 - INFO - Outside trading hours, sleeping for {STARTING_WARMUP_PERIOD} minutes.
2025-02-28 19:04:22,832 - INFO - Outside trading hours, sleeping for {STARTING_WARMUP_PERIOD} minutes.
2025-02-28 19:04:25,834 - INFO - Outside trading hours, sleeping for {STARTING_WARMUP_PERIOD} minutes.
2025-02-28 19:04:31,716 - INFO - Using existing token: 09791da38e08e699080382823b119aed5c2bfbc476fc861838cc266b3e311029
2025-02-28 19:04:31,717 - INFO - Outside trading hours, sleeping for 3 minutes.
2025-02-28 19:04:34,717 - INFO - Outside trading hours, sleeping for 3 minutes.
2025-02-28 19:04:37,718 - INFO - Outside trading hours, sleeping for 3 minutes.
2025-02-28 19:32:13,381 - INFO - Using existing token: 09791da38e08e699080382823b119aed5c2bfbc476fc861838cc266b3e311029
2025-02-28 19:32:13,382 - INFO - Outside trading hours, sleeping for 3 minutes.
2025-02-28 19:32:16,383 - INFO - Outside trading hours, sleeping for 3 minutes.
